<?xml version="1.0" encoding="UTF-8"?>
<!-- Generated by org.testng.reporters.JUnitReportReporter -->
<testsuite skipped="0" hostname="DESKTOP-PB2UL0P" name="paryajpam.TestParyajPam" tests="1" failures="0" timestamp="2020-05-18T09:36:33 GMT-04:00" time="10.365" errors="0">
  <testcase name="testEasy" time="10.365" classname="paryajpam.TestParyajPam"/>
  <system-out/>
</testsuite> <!-- paryajpam.TestParyajPam -->
